Build started 26/01/2014 16:08:08.
     1>Project "C:\Users\Chris\Documents\Visual Studio 2010\Projects\OCR\OCR\OCR.vcxproj" on node 2 (build target(s)).
     1>InitializeBuildStatus:
         Touching "Release\OCR.unsuccessfulbuild".
       ClCompile:
         All outputs are up-to-date.
         d:\Program Files\Visual Studio 2010\VC\bin\CL.exe /c /I"D:\Program Files\opencv\build\x86\vc10\..\..\include" /Zi /nologo /W3 /WX- /O2 /Oi /Oy- /GL /D WIN32 /D NDEBUG /D _CONSOLE /D _UNICODE /D UNICODE /Gm- /EHsc /MD /GS /Gy /fp:precise /Zc:wchar_t /Zc:forScope /Yu"StdAfx.h" /Fp"Release\OCR.pch" /Fo"Release\\" /Fd"Release\vc100.pdb" /Gd /TP /analyze- /errorReport:prompt Square.cpp
         Square.cpp
     1>d:\program files\opencv\build\include\opencv2\flann\logger.h(66): warning C4996: 'fopen': This function or variable may be unsafe. Consider using fopen_s instead. To disable deprecation, use _CRT_SECURE_NO_WARNINGS. See online help for details.
                 d:\Program Files\Visual Studio 2010\VC\include\stdio.h(234) : see declaration of 'fopen'
       Link:
         d:\Program Files\Visual Studio 2010\VC\bin\link.exe /ERRORREPORT:PROMPT /OUT:"C:\Users\Chris\Documents\Visual Studio 2010\Projects\OCR\Release\OCR.exe" /INCREMENTAL:NO /NOLOGO /LIBPATH:"D:\Program Files\opencv\build\x86\vc10\lib" opencv_core246.lib opencv_imgproc246.lib opencv_highgui246.lib opencv_ml246.lib opencv_video246.lib opencv_features2d246.lib opencv_calib3d246.lib opencv_objdetect246.lib opencv_contrib246.lib opencv_legacy246.lib opencv_flann246.lib kernel32.lib user32.lib gdi32.lib winspool.lib comdlg32.lib advapi32.lib shell32.lib ole32.lib oleaut32.lib uuid.lib odbc32.lib odbccp32.lib /MANIFEST /ManifestFile:"Release\OCR.exe.intermediate.manifest" /MANIFESTUAC:"level='asInvoker' uiAccess='false'" /DEBUG /PDB:"C:\Users\Chris\Documents\Visual Studio 2010\Projects\OCR\Release\OCR.pdb" /SUBSYSTEM:CONSOLE /OPT:REF /OPT:ICF /LTCG /TLBID:1 /DYNAMICBASE /NXCOMPAT /IMPLIB:"C:\Users\Chris\Documents\Visual Studio 2010\Projects\OCR\Release\OCR.lib" /MACHINE:X86 Release\OCR.obj
         Release\Square.obj
         Release\stdafx.obj
         Generating code
         Finished generating code
         OCR.vcxproj -> C:\Users\Chris\Documents\Visual Studio 2010\Projects\OCR\Release\OCR.exe
       Manifest:
         C:\Program Files (x86)\Microsoft SDKs\Windows\v7.0A\bin\mt.exe /nologo /verbose /outputresource:"C:\Users\Chris\Documents\Visual Studio 2010\Projects\OCR\Release\OCR.exe;#1" /manifest Release\OCR.exe.intermediate.manifest
       FinalizeBuildStatus:
         Deleting file "Release\OCR.unsuccessfulbuild".
         Touching "Release\OCR.lastbuildstate".
     1>Done Building Project "C:\Users\Chris\Documents\Visual Studio 2010\Projects\OCR\OCR\OCR.vcxproj" (build target(s)).

Build succeeded.

Time Elapsed 00:00:01.05
